
> frontend@0.1.0 start
> react-scripts start

(node:79984) [DEP0176] DeprecationWarning: fs.F_OK is deprecated, use fs.constants.F_OK instead
(Use `node --trace-deprecation ...` to show where the warning was created)
(node:79984) [DEP_WEBPACK_DEV_SERVER_ON_AFTER_SETUP_MIDDLEWARE] DeprecationWarning: 'onAfterSetupMiddleware' option is deprecated. Please use the 'setupMiddlewares' option.
(node:79984) [DEP_WEBPACK_DEV_SERVER_ON_BEFORE_SETUP_MIDDLEWARE] DeprecationWarning: 'onBeforeSetupMiddleware' option is deprecated. Please use the 'setupMiddlewares' option.
Starting the development server...

Failed to compile.

Module not found: Error: Can't resolve 'react-router-dom' in '/Users/choiyoseop/Desktop/final_project/final_Q_test/frontend/src'
WARNING in [eslint] 
src/pages/InterviewActive.tsx
  Line 6:40:    'Question' is defined but never used                                                                                                                                         @typescript-eslint/no-unused-vars
  Line 35:6:    React Hook useEffect has missing dependencies: 'loadFirstQuestion', 'state.currentQuestionIndex', and 'state.questions'. Either include them or remove the dependency array  react-hooks/exhaustive-deps
  Line 52:6:    React Hook useEffect has a missing dependency: 'handleTimeUp'. Either include it or remove the dependency array                                                              react-hooks/exhaustive-deps
  Line 121:13:  'response' is assigned a value but never used                                                                                                                                @typescript-eslint/no-unused-vars

src/pages/InterviewHistory.tsx
  Line 5:24:  'handleApiError' is defined but never used  @typescript-eslint/no-unused-vars

src/pages/InterviewResults.tsx
  Line 38:6:  React Hook useEffect has a missing dependency: 'loadInterviewResults'. Either include it or remove the dependency array  react-hooks/exhaustive-deps

src/pages/MainPage.tsx
  Line 5:24:  'handleApiError' is defined but never used  @typescript-eslint/no-unused-vars

ERROR in ./src/App.tsx 5:0-84
Module not found: Error: Can't resolve 'react-router-dom' in '/Users/choiyoseop/Desktop/final_project/final_Q_test/frontend/src'

ERROR in ./src/components/common/Header.tsx 6:0-47
Module not found: Error: Can't resolve 'react-router-dom' in '/Users/choiyoseop/Desktop/final_project/final_Q_test/frontend/src/components/common'

ERROR in ./src/pages/InterviewActive.tsx 6:0-47
Module not found: Error: Can't resolve 'react-router-dom' in '/Users/choiyoseop/Desktop/final_project/final_Q_test/frontend/src/pages'

ERROR in ./src/pages/InterviewHistory.tsx 6:0-47
Module not found: Error: Can't resolve 'react-router-dom' in '/Users/choiyoseop/Desktop/final_project/final_Q_test/frontend/src/pages'

ERROR in ./src/pages/InterviewResults.tsx 6:0-47
Module not found: Error: Can't resolve 'react-router-dom' in '/Users/choiyoseop/Desktop/final_project/final_Q_test/frontend/src/pages'

ERROR in ./src/pages/InterviewSetup.tsx 6:0-47
Module not found: Error: Can't resolve 'react-router-dom' in '/Users/choiyoseop/Desktop/final_project/final_Q_test/frontend/src/pages'

ERROR in ./src/pages/MainPage.tsx 6:0-47
Module not found: Error: Can't resolve 'react-router-dom' in '/Users/choiyoseop/Desktop/final_project/final_Q_test/frontend/src/pages'

ERROR in ./src/index.css (./node_modules/css-loader/dist/cjs.js??ruleSet[1].rules[1].oneOf[5].use[1]!./node_modules/postcss-loader/dist/cjs.js??ruleSet[1].rules[1].oneOf[5].use[2]!./node_modules/source-map-loader/dist/cjs.js!./src/index.css)
Module build failed (from ./node_modules/postcss-loader/dist/cjs.js):
Error: It looks like you're trying to use `tailwindcss` directly as a PostCSS plugin. The PostCSS plugin has moved to a separate package, so to continue using Tailwind CSS with PostCSS you'll need to install `@tailwindcss/postcss` and update your PostCSS configuration.
    at We (/Users/choiyoseop/Desktop/final_project/final_Q_test/frontend/node_modules/tailwindcss/dist/lib.js:35:2121)
    at LazyResult.runOnRoot (/Users/choiyoseop/Desktop/final_project/final_Q_test/frontend/node_modules/postcss/lib/lazy-result.js:361:16)
    at LazyResult.runAsync (/Users/choiyoseop/Desktop/final_project/final_Q_test/frontend/node_modules/postcss/lib/lazy-result.js:290:26)
    at LazyResult.async (/Users/choiyoseop/Desktop/final_project/final_Q_test/frontend/node_modules/postcss/lib/lazy-result.js:192:30)
    at LazyResult.then (/Users/choiyoseop/Desktop/final_project/final_Q_test/frontend/node_modules/postcss/lib/lazy-result.js:436:17)

webpack compiled with 8 errors and 1 warning
ERROR in src/App.tsx:2:66
TS2307: Cannot find module 'react-router-dom' or its corresponding type declarations.
    1 | import React from 'react';
  > 2 | import { BrowserRouter as Router, Routes, Route, Navigate } from 'react-router-dom';
      |                                                                  ^^^^^^^^^^^^^^^^^^
    3 | import { InterviewProvider } from './contexts/InterviewContext';
    4 | import ErrorBoundary from './components/common/ErrorBoundary';
    5 |

ERROR in src/components/common/Header.tsx:2:29
TS2307: Cannot find module 'react-router-dom' or its corresponding type declarations.
    1 | import React from 'react';
  > 2 | import { useNavigate } from 'react-router-dom';
      |                             ^^^^^^^^^^^^^^^^^^
    3 |
    4 | interface HeaderProps {
    5 |   title?: string;

ERROR in src/contexts/InterviewContext.tsx:118:9
TS2322: Type '({ questionId: string; answer: string; timeSpent: number; score?: number | undefined; } | { session_id: string; question_id: string; answer: string; time_spent: number; })[]' is not assignable to type '{ questionId: string; answer: string; timeSpent: number; score?: number | undefined; }[]'.
  Type '{ questionId: string; answer: string; timeSpent: number; score?: number | undefined; } | { session_id: string; question_id: string; answer: string; time_spent: number; }' is not assignable to type '{ questionId: string; answer: string; timeSpent: number; score?: number | undefined; }'.
    Type '{ session_id: string; question_id: string; answer: string; time_spent: number; }' is missing the following properties from type '{ questionId: string; answer: string; timeSpent: number; score?: number | undefined; }': questionId, timeSpent
    116 |       return { 
    117 |         ...state, 
  > 118 |         answers: newAnswers
        |         ^^^^^^^
    119 |       };
    120 |     
    121 |     case 'SET_INTERVIEW_STATUS':

ERROR in src/pages/InterviewActive.tsx:2:29
TS2307: Cannot find module 'react-router-dom' or its corresponding type declarations.
    1 | import React, { useState, useEffect, useRef } from 'react';
  > 2 | import { useNavigate } from 'react-router-dom';
      |                             ^^^^^^^^^^^^^^^^^^
    3 | import Header from '../components/common/Header';
    4 | import LoadingSpinner from '../components/common/LoadingSpinner';
    5 | import { useInterview } from '../contexts/InterviewContext';

ERROR in src/pages/InterviewHistory.tsx:2:29
TS2307: Cannot find module 'react-router-dom' or its corresponding type declarations.
    1 | import React, { useState, useEffect } from 'react';
  > 2 | import { useNavigate } from 'react-router-dom';
      |                             ^^^^^^^^^^^^^^^^^^
    3 | import Header from '../components/common/Header';
    4 | import LoadingSpinner from '../components/common/LoadingSpinner';
    5 | import { interviewApi, handleApiError, InterviewSettings } from '../services/api';

ERROR in src/pages/InterviewResults.tsx:2:29
TS2307: Cannot find module 'react-router-dom' or its corresponding type declarations.
    1 | import React, { useState, useEffect } from 'react';
  > 2 | import { useNavigate } from 'react-router-dom';
      |                             ^^^^^^^^^^^^^^^^^^
    3 | import Header from '../components/common/Header';
    4 | import LoadingSpinner from '../components/common/LoadingSpinner';
    5 | import { useInterview } from '../contexts/InterviewContext';

ERROR in src/pages/InterviewResults.tsx:238:78
TS2551: Property 'time_spent' does not exist on type '{ questionId: string; answer: string; timeSpent: number; score?: number | undefined; }'. Did you mean 'timeSpent'?
    236 |           <div className="text-center">
    237 |             <div className="text-2xl font-bold text-green-600">
  > 238 |               {Math.floor(state.answers.reduce((sum, answer) => sum + answer.time_spent, 0) / 60)}분
        |                                                                              ^^^^^^^^^^
    239 |             </div>
    240 |             <div className="text-sm text-slate-600">소요 시간</div>
    241 |           </div>

ERROR in src/pages/InterviewSetup.tsx:2:29
TS2307: Cannot find module 'react-router-dom' or its corresponding type declarations.
    1 | import React, { useState } from 'react';
  > 2 | import { useNavigate } from 'react-router-dom';
      |                             ^^^^^^^^^^^^^^^^^^
    3 | import Header from '../components/common/Header';
    4 | import LoadingSpinner from '../components/common/LoadingSpinner';
    5 | import { useInterview } from '../contexts/InterviewContext';

ERROR in src/pages/MainPage.tsx:2:29
TS2307: Cannot find module 'react-router-dom' or its corresponding type declarations.
    1 | import React, { useState, useEffect } from 'react';
  > 2 | import { useNavigate } from 'react-router-dom';
      |                             ^^^^^^^^^^^^^^^^^^
    3 | import Header from '../components/common/Header';
    4 | import LoadingSpinner from '../components/common/LoadingSpinner';
    5 | import { interviewApi, handleApiError } from '../services/api';

ERROR in src/services/api.ts:97:5
TS2322: Type 'unknown' is not assignable to type '{ session_id: string; total_questions: number; message: string; }'.
     95 |   }> {
     96 |     const response = await apiClient.post('/interview/start', settings);
  >  97 |     return response.data;
        |     ^^^^^^^^^^^^^^^^^^^^^
     98 |   },
     99 |
    100 |   // 문서 업로드

ERROR in src/services/api.ts:115:5
TS2322: Type 'unknown' is not assignable to type '{ file_id: string; analyzed_content: any; message: string; }'.
    113 |     });
    114 |     
  > 115 |     return response.data;
        |     ^^^^^^^^^^^^^^^^^^^^^
    116 |   },
    117 |
    118 |   // 다음 질문 가져오기

ERROR in src/services/api.ts:128:5
TS2322: Type 'unknown' is not assignable to type '{ question?: Question | undefined; question_index?: number | undefined; total_questions?: number | undefined; progress?: number | undefined; completed?: boolean | undefined; message?: string | undefined; }'.
    126 |   }> {
    127 |     const response = await apiClient.get(`/interview/question?session_id=${sessionId}`);
  > 128 |     return response.data;
        |     ^^^^^^^^^^^^^^^^^^^^^
    129 |   },
    130 |
    131 |   // 답변 제출

ERROR in src/services/api.ts:138:5
TS2322: Type 'unknown' is not assignable to type '{ score: number; message: string; detailed_evaluation: string; }'.
    136 |   }> {
    137 |     const response = await apiClient.post('/interview/answer', answerData);
  > 138 |     return response.data;
        |     ^^^^^^^^^^^^^^^^^^^^^
    139 |   },
    140 |
    141 |   // 면접 결과 조회

ERROR in src/services/api.ts:144:5
TS2322: Type 'unknown' is not assignable to type 'InterviewResult'.
    142 |   async getInterviewResults(sessionId: string): Promise<InterviewResult> {
    143 |     const response = await apiClient.get(`/interview/results/${sessionId}`);
  > 144 |     return response.data;
        |     ^^^^^^^^^^^^^^^^^^^^^
    145 |   },
    146 |
    147 |   // 면접 기록 조회

ERROR in src/services/api.ts:151:5
TS2322: Type 'unknown' is not assignable to type 'InterviewHistory'.
    149 |     const params = userId ? { user_id: userId } : {};
    150 |     const response = await apiClient.get('/interview/history', { params });
  > 151 |     return response.data;
        |     ^^^^^^^^^^^^^^^^^^^^^
    152 |   },
    153 |
    154 |   // 서버 상태 확인

ERROR in src/services/api.ts:160:5
TS2322: Type 'unknown' is not assignable to type '{ status: string; timestamp: string; }'.
    158 |   }> {
    159 |     const response = await apiClient.get('/health');
  > 160 |     return response.data;
        |     ^^^^^^^^^^^^^^^^^^^^^
    161 |   },
    162 | };
    163 |

Compiling...
Failed to compile.

Module not found: Error: Can't resolve 'react-router-dom' in '/Users/choiyoseop/Desktop/final_project/final_Q_test/frontend/src'
LOG from webpack.FileSystemInfo
<w> Managed item /Users/choiyoseop/Desktop/final_project/final_Q_test/frontend/node_modules/react-router-dom isn't a directory or doesn't contain a package.json (see snapshot.managedPaths option)
+ 13 hidden lines

WARNING in [eslint] 
src/pages/InterviewActive.tsx
  Line 6:40:    'Question' is defined but never used                                                                                                                                         @typescript-eslint/no-unused-vars
  Line 35:6:    React Hook useEffect has missing dependencies: 'loadFirstQuestion', 'state.currentQuestionIndex', and 'state.questions'. Either include them or remove the dependency array  react-hooks/exhaustive-deps
  Line 52:6:    React Hook useEffect has a missing dependency: 'handleTimeUp'. Either include it or remove the dependency array                                                              react-hooks/exhaustive-deps
  Line 121:13:  'response' is assigned a value but never used                                                                                                                                @typescript-eslint/no-unused-vars

src/pages/InterviewHistory.tsx
  Line 5:24:  'handleApiError' is defined but never used  @typescript-eslint/no-unused-vars

src/pages/InterviewResults.tsx
  Line 38:6:  React Hook useEffect has a missing dependency: 'loadInterviewResults'. Either include it or remove the dependency array  react-hooks/exhaustive-deps

src/pages/MainPage.tsx
  Line 5:24:  'handleApiError' is defined but never used  @typescript-eslint/no-unused-vars

ERROR in ./src/App.tsx 5:0-84
Module not found: Error: Can't resolve 'react-router-dom' in '/Users/choiyoseop/Desktop/final_project/final_Q_test/frontend/src'

ERROR in ./src/components/common/Header.tsx 6:0-47
Module not found: Error: Can't resolve 'react-router-dom' in '/Users/choiyoseop/Desktop/final_project/final_Q_test/frontend/src/components/common'

ERROR in ./src/pages/InterviewActive.tsx 6:0-47
Module not found: Error: Can't resolve 'react-router-dom' in '/Users/choiyoseop/Desktop/final_project/final_Q_test/frontend/src/pages'

ERROR in ./src/pages/InterviewHistory.tsx 6:0-47
Module not found: Error: Can't resolve 'react-router-dom' in '/Users/choiyoseop/Desktop/final_project/final_Q_test/frontend/src/pages'

ERROR in ./src/pages/InterviewResults.tsx 6:0-47
Module not found: Error: Can't resolve 'react-router-dom' in '/Users/choiyoseop/Desktop/final_project/final_Q_test/frontend/src/pages'

ERROR in ./src/pages/InterviewSetup.tsx 6:0-47
Module not found: Error: Can't resolve 'react-router-dom' in '/Users/choiyoseop/Desktop/final_project/final_Q_test/frontend/src/pages'

ERROR in ./src/pages/MainPage.tsx 6:0-47
Module not found: Error: Can't resolve 'react-router-dom' in '/Users/choiyoseop/Desktop/final_project/final_Q_test/frontend/src/pages'

ERROR in ./src/index.css (./node_modules/css-loader/dist/cjs.js??ruleSet[1].rules[1].oneOf[5].use[1]!./node_modules/postcss-loader/dist/cjs.js??ruleSet[1].rules[1].oneOf[5].use[2]!./node_modules/source-map-loader/dist/cjs.js!./src/index.css)
Module build failed (from ./node_modules/postcss-loader/dist/cjs.js):
Error: It looks like you're trying to use `tailwindcss` directly as a PostCSS plugin. The PostCSS plugin has moved to a separate package, so to continue using Tailwind CSS with PostCSS you'll need to install `@tailwindcss/postcss` and update your PostCSS configuration.
    at We (/Users/choiyoseop/Desktop/final_project/final_Q_test/frontend/node_modules/tailwindcss/dist/lib.js:35:2121)
    at LazyResult.runOnRoot (/Users/choiyoseop/Desktop/final_project/final_Q_test/frontend/node_modules/postcss/lib/lazy-result.js:361:16)
    at LazyResult.runAsync (/Users/choiyoseop/Desktop/final_project/final_Q_test/frontend/node_modules/postcss/lib/lazy-result.js:290:26)
    at LazyResult.async (/Users/choiyoseop/Desktop/final_project/final_Q_test/frontend/node_modules/postcss/lib/lazy-result.js:192:30)
    at LazyResult.then (/Users/choiyoseop/Desktop/final_project/final_Q_test/frontend/node_modules/postcss/lib/lazy-result.js:436:17)
    at process.processTicksAndRejections (node:internal/process/task_queues:105:5)

webpack compiled with 8 errors and 1 warning
Compiling...
ERROR in src/App.tsx:2:66
TS2307: Cannot find module 'react-router-dom' or its corresponding type declarations.
    1 | import React from 'react';
  > 2 | import { BrowserRouter as Router, Routes, Route, Navigate } from 'react-router-dom';
      |                                                                  ^^^^^^^^^^^^^^^^^^
    3 | import { InterviewProvider } from './contexts/InterviewContext';
    4 | import ErrorBoundary from './components/common/ErrorBoundary';
    5 |

ERROR in src/components/common/Header.tsx:2:29
TS2307: Cannot find module 'react-router-dom' or its corresponding type declarations.
    1 | import React from 'react';
  > 2 | import { useNavigate } from 'react-router-dom';
      |                             ^^^^^^^^^^^^^^^^^^
    3 |
    4 | interface HeaderProps {
    5 |   title?: string;

ERROR in src/contexts/InterviewContext.tsx:118:9
TS2322: Type '({ questionId: string; answer: string; timeSpent: number; score?: number | undefined; } | { session_id: string; question_id: string; answer: string; time_spent: number; })[]' is not assignable to type '{ questionId: string; answer: string; timeSpent: number; score?: number | undefined; }[]'.
  Type '{ questionId: string; answer: string; timeSpent: number; score?: number | undefined; } | { session_id: string; question_id: string; answer: string; time_spent: number; }' is not assignable to type '{ questionId: string; answer: string; timeSpent: number; score?: number | undefined; }'.
    Type '{ session_id: string; question_id: string; answer: string; time_spent: number; }' is missing the following properties from type '{ questionId: string; answer: string; timeSpent: number; score?: number | undefined; }': questionId, timeSpent
    116 |       return { 
    117 |         ...state, 
  > 118 |         answers: newAnswers
        |         ^^^^^^^
    119 |       };
    120 |     
    121 |     case 'SET_INTERVIEW_STATUS':

ERROR in src/pages/InterviewActive.tsx:2:29
TS2307: Cannot find module 'react-router-dom' or its corresponding type declarations.
    1 | import React, { useState, useEffect, useRef } from 'react';
  > 2 | import { useNavigate } from 'react-router-dom';
      |                             ^^^^^^^^^^^^^^^^^^
    3 | import Header from '../components/common/Header';
    4 | import LoadingSpinner from '../components/common/LoadingSpinner';
    5 | import { useInterview } from '../contexts/InterviewContext';

ERROR in src/pages/InterviewHistory.tsx:2:29
TS2307: Cannot find module 'react-router-dom' or its corresponding type declarations.
    1 | import React, { useState, useEffect } from 'react';
  > 2 | import { useNavigate } from 'react-router-dom';
      |                             ^^^^^^^^^^^^^^^^^^
    3 | import Header from '../components/common/Header';
    4 | import LoadingSpinner from '../components/common/LoadingSpinner';
    5 | import { interviewApi, handleApiError, InterviewSettings } from '../services/api';

ERROR in src/pages/InterviewResults.tsx:2:29
TS2307: Cannot find module 'react-router-dom' or its corresponding type declarations.
    1 | import React, { useState, useEffect } from 'react';
  > 2 | import { useNavigate } from 'react-router-dom';
      |                             ^^^^^^^^^^^^^^^^^^
    3 | import Header from '../components/common/Header';
    4 | import LoadingSpinner from '../components/common/LoadingSpinner';
    5 | import { useInterview } from '../contexts/InterviewContext';

ERROR in src/pages/InterviewResults.tsx:238:78
TS2551: Property 'time_spent' does not exist on type '{ questionId: string; answer: string; timeSpent: number; score?: number | undefined; }'. Did you mean 'timeSpent'?
    236 |           <div className="text-center">
    237 |             <div className="text-2xl font-bold text-green-600">
  > 238 |               {Math.floor(state.answers.reduce((sum, answer) => sum + answer.time_spent, 0) / 60)}분
        |                                                                              ^^^^^^^^^^
    239 |             </div>
    240 |             <div className="text-sm text-slate-600">소요 시간</div>
    241 |           </div>

ERROR in src/pages/InterviewSetup.tsx:2:29
TS2307: Cannot find module 'react-router-dom' or its corresponding type declarations.
    1 | import React, { useState } from 'react';
  > 2 | import { useNavigate } from 'react-router-dom';
      |                             ^^^^^^^^^^^^^^^^^^
    3 | import Header from '../components/common/Header';
    4 | import LoadingSpinner from '../components/common/LoadingSpinner';
    5 | import { useInterview } from '../contexts/InterviewContext';

ERROR in src/pages/MainPage.tsx:2:29
TS2307: Cannot find module 'react-router-dom' or its corresponding type declarations.
    1 | import React, { useState, useEffect } from 'react';
  > 2 | import { useNavigate } from 'react-router-dom';
      |                             ^^^^^^^^^^^^^^^^^^
    3 | import Header from '../components/common/Header';
    4 | import LoadingSpinner from '../components/common/LoadingSpinner';
    5 | import { interviewApi, handleApiError } from '../services/api';

ERROR in src/services/api.ts:97:5
TS2322: Type 'unknown' is not assignable to type '{ session_id: string; total_questions: number; message: string; }'.
     95 |   }> {
     96 |     const response = await apiClient.post('/interview/start', settings);
  >  97 |     return response.data;
        |     ^^^^^^^^^^^^^^^^^^^^^
     98 |   },
     99 |
    100 |   // 문서 업로드

ERROR in src/services/api.ts:115:5
TS2322: Type 'unknown' is not assignable to type '{ file_id: string; analyzed_content: any; message: string; }'.
    113 |     });
    114 |     
  > 115 |     return response.data;
        |     ^^^^^^^^^^^^^^^^^^^^^
    116 |   },
    117 |
    118 |   // 다음 질문 가져오기

ERROR in src/services/api.ts:128:5
TS2322: Type 'unknown' is not assignable to type '{ question?: Question | undefined; question_index?: number | undefined; total_questions?: number | undefined; progress?: number | undefined; completed?: boolean | undefined; message?: string | undefined; }'.
    126 |   }> {
    127 |     const response = await apiClient.get(`/interview/question?session_id=${sessionId}`);
  > 128 |     return response.data;
        |     ^^^^^^^^^^^^^^^^^^^^^
    129 |   },
    130 |
    131 |   // 답변 제출

ERROR in src/services/api.ts:138:5
TS2322: Type 'unknown' is not assignable to type '{ score: number; message: string; detailed_evaluation: string; }'.
    136 |   }> {
    137 |     const response = await apiClient.post('/interview/answer', answerData);
  > 138 |     return response.data;
        |     ^^^^^^^^^^^^^^^^^^^^^
    139 |   },
    140 |
    141 |   // 면접 결과 조회

ERROR in src/services/api.ts:144:5
TS2322: Type 'unknown' is not assignable to type 'InterviewResult'.
    142 |   async getInterviewResults(sessionId: string): Promise<InterviewResult> {
    143 |     const response = await apiClient.get(`/interview/results/${sessionId}`);
  > 144 |     return response.data;
        |     ^^^^^^^^^^^^^^^^^^^^^
    145 |   },
    146 |
    147 |   // 면접 기록 조회

ERROR in src/services/api.ts:151:5
TS2322: Type 'unknown' is not assignable to type 'InterviewHistory'.
    149 |     const params = userId ? { user_id: userId } : {};
    150 |     const response = await apiClient.get('/interview/history', { params });
  > 151 |     return response.data;
        |     ^^^^^^^^^^^^^^^^^^^^^
    152 |   },
    153 |
    154 |   // 서버 상태 확인

ERROR in src/services/api.ts:160:5
TS2322: Type 'unknown' is not assignable to type '{ status: string; timestamp: string; }'.
    158 |   }> {
    159 |     const response = await apiClient.get('/health');
  > 160 |     return response.data;
        |     ^^^^^^^^^^^^^^^^^^^^^
    161 |   },
    162 | };
    163 |

Failed to compile.

Error: It looks like you're trying to use `tailwindcss` directly as a PostCSS plugin. The PostCSS plugin has moved to a separate package, so to continue using Tailwind CSS with PostCSS you'll need to install `@tailwindcss/postcss` and update your PostCSS configuration.
WARNING in [eslint] 
src/pages/InterviewActive.tsx
  Line 6:40:    'Question' is defined but never used                                                                                                                                         @typescript-eslint/no-unused-vars
  Line 35:6:    React Hook useEffect has missing dependencies: 'loadFirstQuestion', 'state.currentQuestionIndex', and 'state.questions'. Either include them or remove the dependency array  react-hooks/exhaustive-deps
  Line 52:6:    React Hook useEffect has a missing dependency: 'handleTimeUp'. Either include it or remove the dependency array                                                              react-hooks/exhaustive-deps
  Line 121:13:  'response' is assigned a value but never used                                                                                                                                @typescript-eslint/no-unused-vars

src/pages/InterviewHistory.tsx
  Line 5:24:  'handleApiError' is defined but never used  @typescript-eslint/no-unused-vars

src/pages/InterviewResults.tsx
  Line 38:6:  React Hook useEffect has a missing dependency: 'loadInterviewResults'. Either include it or remove the dependency array  react-hooks/exhaustive-deps

src/pages/MainPage.tsx
  Line 5:24:  'handleApiError' is defined but never used  @typescript-eslint/no-unused-vars

ERROR in ./src/index.css (./node_modules/css-loader/dist/cjs.js??ruleSet[1].rules[1].oneOf[5].use[1]!./node_modules/postcss-loader/dist/cjs.js??ruleSet[1].rules[1].oneOf[5].use[2]!./node_modules/source-map-loader/dist/cjs.js!./src/index.css)
Module build failed (from ./node_modules/postcss-loader/dist/cjs.js):
Error: It looks like you're trying to use `tailwindcss` directly as a PostCSS plugin. The PostCSS plugin has moved to a separate package, so to continue using Tailwind CSS with PostCSS you'll need to install `@tailwindcss/postcss` and update your PostCSS configuration.
    at We (/Users/choiyoseop/Desktop/final_project/final_Q_test/frontend/node_modules/tailwindcss/dist/lib.js:35:2121)
    at LazyResult.runOnRoot (/Users/choiyoseop/Desktop/final_project/final_Q_test/frontend/node_modules/postcss/lib/lazy-result.js:361:16)
    at LazyResult.runAsync (/Users/choiyoseop/Desktop/final_project/final_Q_test/frontend/node_modules/postcss/lib/lazy-result.js:290:26)
    at LazyResult.async (/Users/choiyoseop/Desktop/final_project/final_Q_test/frontend/node_modules/postcss/lib/lazy-result.js:192:30)
    at LazyResult.then (/Users/choiyoseop/Desktop/final_project/final_Q_test/frontend/node_modules/postcss/lib/lazy-result.js:436:17)
    at process.processTicksAndRejections (node:internal/process/task_queues:105:5)

webpack compiled with 1 error and 1 warning
Compiling...
ERROR in src/App.tsx:2:66
TS2307: Cannot find module 'react-router-dom' or its corresponding type declarations.
    1 | import React from 'react';
  > 2 | import { BrowserRouter as Router, Routes, Route, Navigate } from 'react-router-dom';
      |                                                                  ^^^^^^^^^^^^^^^^^^
    3 | import { InterviewProvider } from './contexts/InterviewContext';
    4 | import ErrorBoundary from './components/common/ErrorBoundary';
    5 |

ERROR in src/components/common/Header.tsx:2:29
TS2307: Cannot find module 'react-router-dom' or its corresponding type declarations.
    1 | import React from 'react';
  > 2 | import { useNavigate } from 'react-router-dom';
      |                             ^^^^^^^^^^^^^^^^^^
    3 |
    4 | interface HeaderProps {
    5 |   title?: string;

ERROR in src/contexts/InterviewContext.tsx:118:9
TS2322: Type '({ questionId: string; answer: string; timeSpent: number; score?: number | undefined; } | { session_id: string; question_id: string; answer: string; time_spent: number; })[]' is not assignable to type '{ questionId: string; answer: string; timeSpent: number; score?: number | undefined; }[]'.
  Type '{ questionId: string; answer: string; timeSpent: number; score?: number | undefined; } | { session_id: string; question_id: string; answer: string; time_spent: number; }' is not assignable to type '{ questionId: string; answer: string; timeSpent: number; score?: number | undefined; }'.
    Type '{ session_id: string; question_id: string; answer: string; time_spent: number; }' is missing the following properties from type '{ questionId: string; answer: string; timeSpent: number; score?: number | undefined; }': questionId, timeSpent
    116 |       return { 
    117 |         ...state, 
  > 118 |         answers: newAnswers
        |         ^^^^^^^
    119 |       };
    120 |     
    121 |     case 'SET_INTERVIEW_STATUS':

ERROR in src/pages/InterviewActive.tsx:2:29
TS2307: Cannot find module 'react-router-dom' or its corresponding type declarations.
    1 | import React, { useState, useEffect, useRef } from 'react';
  > 2 | import { useNavigate } from 'react-router-dom';
      |                             ^^^^^^^^^^^^^^^^^^
    3 | import Header from '../components/common/Header';
    4 | import LoadingSpinner from '../components/common/LoadingSpinner';
    5 | import { useInterview } from '../contexts/InterviewContext';

ERROR in src/pages/InterviewHistory.tsx:2:29
TS2307: Cannot find module 'react-router-dom' or its corresponding type declarations.
    1 | import React, { useState, useEffect } from 'react';
  > 2 | import { useNavigate } from 'react-router-dom';
      |                             ^^^^^^^^^^^^^^^^^^
    3 | import Header from '../components/common/Header';
    4 | import LoadingSpinner from '../components/common/LoadingSpinner';
    5 | import { interviewApi, handleApiError, InterviewSettings } from '../services/api';

ERROR in src/pages/InterviewResults.tsx:2:29
TS2307: Cannot find module 'react-router-dom' or its corresponding type declarations.
    1 | import React, { useState, useEffect } from 'react';
  > 2 | import { useNavigate } from 'react-router-dom';
      |                             ^^^^^^^^^^^^^^^^^^
    3 | import Header from '../components/common/Header';
    4 | import LoadingSpinner from '../components/common/LoadingSpinner';
    5 | import { useInterview } from '../contexts/InterviewContext';

ERROR in src/pages/InterviewResults.tsx:238:78
TS2551: Property 'time_spent' does not exist on type '{ questionId: string; answer: string; timeSpent: number; score?: number | undefined; }'. Did you mean 'timeSpent'?
    236 |           <div className="text-center">
    237 |             <div className="text-2xl font-bold text-green-600">
  > 238 |               {Math.floor(state.answers.reduce((sum, answer) => sum + answer.time_spent, 0) / 60)}분
        |                                                                              ^^^^^^^^^^
    239 |             </div>
    240 |             <div className="text-sm text-slate-600">소요 시간</div>
    241 |           </div>

ERROR in src/pages/InterviewSetup.tsx:2:29
TS2307: Cannot find module 'react-router-dom' or its corresponding type declarations.
    1 | import React, { useState } from 'react';
  > 2 | import { useNavigate } from 'react-router-dom';
      |                             ^^^^^^^^^^^^^^^^^^
    3 | import Header from '../components/common/Header';
    4 | import LoadingSpinner from '../components/common/LoadingSpinner';
    5 | import { useInterview } from '../contexts/InterviewContext';

ERROR in src/pages/MainPage.tsx:2:29
TS2307: Cannot find module 'react-router-dom' or its corresponding type declarations.
    1 | import React, { useState, useEffect } from 'react';
  > 2 | import { useNavigate } from 'react-router-dom';
      |                             ^^^^^^^^^^^^^^^^^^
    3 | import Header from '../components/common/Header';
    4 | import LoadingSpinner from '../components/common/LoadingSpinner';
    5 | import { interviewApi, handleApiError } from '../services/api';

ERROR in src/services/api.ts:97:5
TS2322: Type 'unknown' is not assignable to type '{ session_id: string; total_questions: number; message: string; }'.
     95 |   }> {
     96 |     const response = await apiClient.post('/interview/start', settings);
  >  97 |     return response.data;
        |     ^^^^^^^^^^^^^^^^^^^^^
     98 |   },
     99 |
    100 |   // 문서 업로드

ERROR in src/services/api.ts:115:5
TS2322: Type 'unknown' is not assignable to type '{ file_id: string; analyzed_content: any; message: string; }'.
    113 |     });
    114 |     
  > 115 |     return response.data;
        |     ^^^^^^^^^^^^^^^^^^^^^
    116 |   },
    117 |
    118 |   // 다음 질문 가져오기

ERROR in src/services/api.ts:128:5
TS2322: Type 'unknown' is not assignable to type '{ question?: Question | undefined; question_index?: number | undefined; total_questions?: number | undefined; progress?: number | undefined; completed?: boolean | undefined; message?: string | undefined; }'.
    126 |   }> {
    127 |     const response = await apiClient.get(`/interview/question?session_id=${sessionId}`);
  > 128 |     return response.data;
        |     ^^^^^^^^^^^^^^^^^^^^^
    129 |   },
    130 |
    131 |   // 답변 제출

ERROR in src/services/api.ts:138:5
TS2322: Type 'unknown' is not assignable to type '{ score: number; message: string; detailed_evaluation: string; }'.
    136 |   }> {
    137 |     const response = await apiClient.post('/interview/answer', answerData);
  > 138 |     return response.data;
        |     ^^^^^^^^^^^^^^^^^^^^^
    139 |   },
    140 |
    141 |   // 면접 결과 조회

ERROR in src/services/api.ts:144:5
TS2322: Type 'unknown' is not assignable to type 'InterviewResult'.
    142 |   async getInterviewResults(sessionId: string): Promise<InterviewResult> {
    143 |     const response = await apiClient.get(`/interview/results/${sessionId}`);
  > 144 |     return response.data;
        |     ^^^^^^^^^^^^^^^^^^^^^
    145 |   },
    146 |
    147 |   // 면접 기록 조회

ERROR in src/services/api.ts:151:5
TS2322: Type 'unknown' is not assignable to type 'InterviewHistory'.
    149 |     const params = userId ? { user_id: userId } : {};
    150 |     const response = await apiClient.get('/interview/history', { params });
  > 151 |     return response.data;
        |     ^^^^^^^^^^^^^^^^^^^^^
    152 |   },
    153 |
    154 |   // 서버 상태 확인

ERROR in src/services/api.ts:160:5
TS2322: Type 'unknown' is not assignable to type '{ status: string; timestamp: string; }'.
    158 |   }> {
    159 |     const response = await apiClient.get('/health');
  > 160 |     return response.data;
        |     ^^^^^^^^^^^^^^^^^^^^^
    161 |   },
    162 | };
    163 |

Failed to compile.

Error: It looks like you're trying to use `tailwindcss` directly as a PostCSS plugin. The PostCSS plugin has moved to a separate package, so to continue using Tailwind CSS with PostCSS you'll need to install `@tailwindcss/postcss` and update your PostCSS configuration.
WARNING in [eslint] 
src/pages/InterviewActive.tsx
  Line 6:40:    'Question' is defined but never used                                                                                                                                         @typescript-eslint/no-unused-vars
  Line 35:6:    React Hook useEffect has missing dependencies: 'loadFirstQuestion', 'state.currentQuestionIndex', and 'state.questions'. Either include them or remove the dependency array  react-hooks/exhaustive-deps
  Line 52:6:    React Hook useEffect has a missing dependency: 'handleTimeUp'. Either include it or remove the dependency array                                                              react-hooks/exhaustive-deps
  Line 121:13:  'response' is assigned a value but never used                                                                                                                                @typescript-eslint/no-unused-vars

src/pages/InterviewHistory.tsx
  Line 5:24:  'handleApiError' is defined but never used  @typescript-eslint/no-unused-vars

src/pages/InterviewResults.tsx
  Line 38:6:  React Hook useEffect has a missing dependency: 'loadInterviewResults'. Either include it or remove the dependency array  react-hooks/exhaustive-deps

src/pages/MainPage.tsx
  Line 5:24:  'handleApiError' is defined but never used  @typescript-eslint/no-unused-vars

ERROR in ./src/index.css (./node_modules/css-loader/dist/cjs.js??ruleSet[1].rules[1].oneOf[5].use[1]!./node_modules/postcss-loader/dist/cjs.js??ruleSet[1].rules[1].oneOf[5].use[2]!./node_modules/source-map-loader/dist/cjs.js!./src/index.css)
Module build failed (from ./node_modules/postcss-loader/dist/cjs.js):
Error: It looks like you're trying to use `tailwindcss` directly as a PostCSS plugin. The PostCSS plugin has moved to a separate package, so to continue using Tailwind CSS with PostCSS you'll need to install `@tailwindcss/postcss` and update your PostCSS configuration.
    at We (/Users/choiyoseop/Desktop/final_project/final_Q_test/frontend/node_modules/tailwindcss/dist/lib.js:35:2121)
    at LazyResult.runOnRoot (/Users/choiyoseop/Desktop/final_project/final_Q_test/frontend/node_modules/postcss/lib/lazy-result.js:361:16)
    at LazyResult.runAsync (/Users/choiyoseop/Desktop/final_project/final_Q_test/frontend/node_modules/postcss/lib/lazy-result.js:290:26)
    at LazyResult.async (/Users/choiyoseop/Desktop/final_project/final_Q_test/frontend/node_modules/postcss/lib/lazy-result.js:192:30)
    at LazyResult.then (/Users/choiyoseop/Desktop/final_project/final_Q_test/frontend/node_modules/postcss/lib/lazy-result.js:436:17)
    at processTicksAndRejections (node:internal/process/task_queues:105:5)
    at runNextTicks (node:internal/process/task_queues:69:3)
    at process.processImmediate (node:internal/timers:473:9)

webpack compiled with 1 error and 1 warning
ERROR in src/App.tsx:2:66
TS2307: Cannot find module 'react-router-dom' or its corresponding type declarations.
    1 | import React from 'react';
  > 2 | import { BrowserRouter as Router, Routes, Route, Navigate } from 'react-router-dom';
      |                                                                  ^^^^^^^^^^^^^^^^^^
    3 | import { InterviewProvider } from './contexts/InterviewContext';
    4 | import ErrorBoundary from './components/common/ErrorBoundary';
    5 |

ERROR in src/components/common/Header.tsx:2:29
TS2307: Cannot find module 'react-router-dom' or its corresponding type declarations.
    1 | import React from 'react';
  > 2 | import { useNavigate } from 'react-router-dom';
      |                             ^^^^^^^^^^^^^^^^^^
    3 |
    4 | interface HeaderProps {
    5 |   title?: string;

ERROR in src/contexts/InterviewContext.tsx:118:9
TS2322: Type '({ questionId: string; answer: string; timeSpent: number; score?: number | undefined; } | { session_id: string; question_id: string; answer: string; time_spent: number; })[]' is not assignable to type '{ questionId: string; answer: string; timeSpent: number; score?: number | undefined; }[]'.
  Type '{ questionId: string; answer: string; timeSpent: number; score?: number | undefined; } | { session_id: string; question_id: string; answer: string; time_spent: number; }' is not assignable to type '{ questionId: string; answer: string; timeSpent: number; score?: number | undefined; }'.
    Type '{ session_id: string; question_id: string; answer: string; time_spent: number; }' is missing the following properties from type '{ questionId: string; answer: string; timeSpent: number; score?: number | undefined; }': questionId, timeSpent
    116 |       return { 
    117 |         ...state, 
  > 118 |         answers: newAnswers
        |         ^^^^^^^
    119 |       };
    120 |     
    121 |     case 'SET_INTERVIEW_STATUS':

ERROR in src/pages/InterviewActive.tsx:2:29
TS2307: Cannot find module 'react-router-dom' or its corresponding type declarations.
    1 | import React, { useState, useEffect, useRef } from 'react';
  > 2 | import { useNavigate } from 'react-router-dom';
      |                             ^^^^^^^^^^^^^^^^^^
    3 | import Header from '../components/common/Header';
    4 | import LoadingSpinner from '../components/common/LoadingSpinner';
    5 | import { useInterview } from '../contexts/InterviewContext';

ERROR in src/pages/InterviewHistory.tsx:2:29
TS2307: Cannot find module 'react-router-dom' or its corresponding type declarations.
    1 | import React, { useState, useEffect } from 'react';
  > 2 | import { useNavigate } from 'react-router-dom';
      |                             ^^^^^^^^^^^^^^^^^^
    3 | import Header from '../components/common/Header';
    4 | import LoadingSpinner from '../components/common/LoadingSpinner';
    5 | import { interviewApi, handleApiError, InterviewSettings } from '../services/api';

ERROR in src/pages/InterviewResults.tsx:2:29
TS2307: Cannot find module 'react-router-dom' or its corresponding type declarations.
    1 | import React, { useState, useEffect } from 'react';
  > 2 | import { useNavigate } from 'react-router-dom';
      |                             ^^^^^^^^^^^^^^^^^^
    3 | import Header from '../components/common/Header';
    4 | import LoadingSpinner from '../components/common/LoadingSpinner';
    5 | import { useInterview } from '../contexts/InterviewContext';

ERROR in src/pages/InterviewResults.tsx:238:78
TS2551: Property 'time_spent' does not exist on type '{ questionId: string; answer: string; timeSpent: number; score?: number | undefined; }'. Did you mean 'timeSpent'?
    236 |           <div className="text-center">
    237 |             <div className="text-2xl font-bold text-green-600">
  > 238 |               {Math.floor(state.answers.reduce((sum, answer) => sum + answer.time_spent, 0) / 60)}분
        |                                                                              ^^^^^^^^^^
    239 |             </div>
    240 |             <div className="text-sm text-slate-600">소요 시간</div>
    241 |           </div>

ERROR in src/pages/InterviewSetup.tsx:2:29
TS2307: Cannot find module 'react-router-dom' or its corresponding type declarations.
    1 | import React, { useState } from 'react';
  > 2 | import { useNavigate } from 'react-router-dom';
      |                             ^^^^^^^^^^^^^^^^^^
    3 | import Header from '../components/common/Header';
    4 | import LoadingSpinner from '../components/common/LoadingSpinner';
    5 | import { useInterview } from '../contexts/InterviewContext';

ERROR in src/pages/MainPage.tsx:2:29
TS2307: Cannot find module 'react-router-dom' or its corresponding type declarations.
    1 | import React, { useState, useEffect } from 'react';
  > 2 | import { useNavigate } from 'react-router-dom';
      |                             ^^^^^^^^^^^^^^^^^^
    3 | import Header from '../components/common/Header';
    4 | import LoadingSpinner from '../components/common/LoadingSpinner';
    5 | import { interviewApi, handleApiError } from '../services/api';

ERROR in src/services/api.ts:97:5
TS2322: Type 'unknown' is not assignable to type '{ session_id: string; total_questions: number; message: string; }'.
     95 |   }> {
     96 |     const response = await apiClient.post('/interview/start', settings);
  >  97 |     return response.data;
        |     ^^^^^^^^^^^^^^^^^^^^^
     98 |   },
     99 |
    100 |   // 문서 업로드

ERROR in src/services/api.ts:115:5
TS2322: Type 'unknown' is not assignable to type '{ file_id: string; analyzed_content: any; message: string; }'.
    113 |     });
    114 |     
  > 115 |     return response.data;
        |     ^^^^^^^^^^^^^^^^^^^^^
    116 |   },
    117 |
    118 |   // 다음 질문 가져오기

ERROR in src/services/api.ts:128:5
TS2322: Type 'unknown' is not assignable to type '{ question?: Question | undefined; question_index?: number | undefined; total_questions?: number | undefined; progress?: number | undefined; completed?: boolean | undefined; message?: string | undefined; }'.
    126 |   }> {
    127 |     const response = await apiClient.get(`/interview/question?session_id=${sessionId}`);
  > 128 |     return response.data;
        |     ^^^^^^^^^^^^^^^^^^^^^
    129 |   },
    130 |
    131 |   // 답변 제출

ERROR in src/services/api.ts:138:5
TS2322: Type 'unknown' is not assignable to type '{ score: number; message: string; detailed_evaluation: string; }'.
    136 |   }> {
    137 |     const response = await apiClient.post('/interview/answer', answerData);
  > 138 |     return response.data;
        |     ^^^^^^^^^^^^^^^^^^^^^
    139 |   },
    140 |
    141 |   // 면접 결과 조회

ERROR in src/services/api.ts:144:5
TS2322: Type 'unknown' is not assignable to type 'InterviewResult'.
    142 |   async getInterviewResults(sessionId: string): Promise<InterviewResult> {
    143 |     const response = await apiClient.get(`/interview/results/${sessionId}`);
  > 144 |     return response.data;
        |     ^^^^^^^^^^^^^^^^^^^^^
    145 |   },
    146 |
    147 |   // 면접 기록 조회

ERROR in src/services/api.ts:151:5
TS2322: Type 'unknown' is not assignable to type 'InterviewHistory'.
    149 |     const params = userId ? { user_id: userId } : {};
    150 |     const response = await apiClient.get('/interview/history', { params });
  > 151 |     return response.data;
        |     ^^^^^^^^^^^^^^^^^^^^^
    152 |   },
    153 |
    154 |   // 서버 상태 확인

ERROR in src/services/api.ts:160:5
TS2322: Type 'unknown' is not assignable to type '{ status: string; timestamp: string; }'.
    158 |   }> {
    159 |     const response = await apiClient.get('/health');
  > 160 |     return response.data;
        |     ^^^^^^^^^^^^^^^^^^^^^
    161 |   },
    162 | };
    163 |

