π― κ°μΈν™”λ λ©΄μ ‘ μ‹μ¤ν… μ‹μ‘!
π“± λΈλΌμ°μ €μ—μ„ http://localhost:8888 μ ‘μ†

β¨ μƒλ΅μ΄ κΈ°λ¥:
  β€Ά π“„ μμ†μ„/μ΄λ ¥μ„/ν¬νΈν΄λ¦¬μ¤ μ—…λ΅λ“
  β€Ά π” μλ™ λ¬Έμ„ λ¶„μ„ λ° ν”„λ΅ν•„ μƒμ„±
  β€Ά π― κ°μΈ λ°°κ²½ κΈ°λ° λ§μ¶¤ν• μ§λ¬Έ
  β€Ά π“ κ°μΈν™”λ ν‰κ°€ λ° ν”Όλ“λ°±
  β€Ά π·οΈ μ§λ¬Έλ³„ κ°μΈν™” μ—¬λ¶€ ν‘μ‹
 * Serving Flask app 'app'
 * Debug mode: on
WARNING: This is a development server. Do not use it in a production deployment. Use a production WSGI server instead.
 * Running on all addresses (0.0.0.0)
 * Running on http://127.0.0.1:8888
 * Running on http://172.30.1.20:8888
Press CTRL+C to quit
127.0.0.1 - - [12/Jul/2025 04:47:49] "GET /test HTTP/1.1" 404 -
127.0.0.1 - - [12/Jul/2025 04:47:55] "HEAD / HTTP/1.1" 200 -
127.0.0.1 - - [12/Jul/2025 04:48:15] "GET / HTTP/1.1" 200 -
2025-07-16 16:48:48,527 - interview_system - INFO - None:0 - μ‹μ¤ν… μ‹μ‘
2025-07-16 16:48:50,834 - interview_system - INFO - None:0 - AI λ©΄μ ‘ μ‹μ¤ν… μ‹μ‘
2025-07-16 16:49:23,328 - interview_system - INFO - None:0 - μ‹μ¤ν… μ‹μ‘
2025-07-16 16:49:25,383 - interview_system - INFO - None:0 - AI λ©΄μ ‘ μ‹μ¤ν… μ‹μ‘
2025-07-16 16:49:50,475 - interview_system - INFO - None:0 - μ‹μ¤ν… μΆ…λ£
2025-07-16 16:50:55,230 - interview_system - INFO - None:0 - μ‹μ¤ν… μ‹μ‘
2025-07-16 16:50:57,273 - interview_system - INFO - None:0 - AI λ©΄μ ‘ μ‹μ¤ν… μ‹μ‘
2025-07-16 16:51:55,531 - interview_system - INFO - None:0 - μ‹μ¤ν… μΆ…λ£
2025-07-16 16:51:57,747 - interview_system - INFO - None:0 - μ‹μ¤ν… μ‹μ‘
2025-07-16 16:51:59,775 - interview_system - INFO - None:0 - AI λ©΄μ ‘ μ‹μ¤ν… μ‹μ‘
2025-07-16 16:53:51,935 - interview_system - INFO - None:0 - μ‹μ¤ν… μΆ…λ£
2025-07-16 16:53:55,458 - interview_system - INFO - None:0 - μ‹μ¤ν… μ‹μ‘
2025-07-16 16:53:57,484 - interview_system - INFO - None:0 - AI λ©΄μ ‘ μ‹μ¤ν… μ‹μ‘
2025-07-16 16:55:26,752 - interview_system - INFO - None:0 - μ‹μ¤ν… μΆ…λ£
2025-07-16 16:55:28,724 - interview_system - INFO - None:0 - μ‹μ¤ν… μ‹μ‘
2025-07-16 16:55:30,765 - interview_system - INFO - None:0 - AI λ©΄μ ‘ μ‹μ¤ν… μ‹μ‘
2025-07-16 17:05:50,563 - interview_system - INFO - None:0 - μ‹μ¤ν… μΆ…λ£
